  [1m[35m (0.6ms)[0m  [1m[35mCREATE DATABASE `ApiTest_development` DEFAULT CHARACTER SET `utf8mb4`[0m
  [1m[35m (0.8ms)[0m  [1m[35mCREATE DATABASE `ApiTest_test` DEFAULT CHARACTER SET `utf8mb4`[0m
  [1m[35m (0.2ms)[0m  [1m[34mSELECT GET_LOCK('8818113394096086360', 0)[0m
  [1m[36mActiveRecord::SchemaMigration Pluck (0.6ms)[0m  [1m[34mSELECT `schema_migrations`.`version` FROM `schema_migrations` ORDER BY `schema_migrations`.`version` ASC[0m
Migrating to CreateBookstores (20230423062349)
  [1m[35m (1.2ms)[0m  [1m[35mCREATE TABLE `bookstores` (`id` bigint NOT NULL AUTO_INCREMENT PRIMARY KEY, `name` varchar(255), `location` varchar(255), `created_at` datetime(6) NOT NULL, `updated_at` datetime(6) NOT NULL)[0m
  [1m[35m (0.4ms)[0m  [1m[34mSELECT RELEASE_LOCK('8818113394096086360')[0m
  [1m[35m (18.1ms)[0m  [1m[35mCREATE DATABASE `ApiTest_development` DEFAULT CHARACTER SET `utf8mb4`[0m
  [1m[35m (11.6ms)[0m  [1m[35mCREATE DATABASE `ApiTest_test` DEFAULT CHARACTER SET `utf8mb4`[0m
  [1m[35m (53.3ms)[0m  [1m[35mCREATE TABLE `schema_migrations` (`version` varchar(255) NOT NULL PRIMARY KEY)[0m
  [1m[35m (43.0ms)[0m  [1m[35mCREATE TABLE `ar_internal_metadata` (`key` varchar(255) NOT NULL PRIMARY KEY, `value` varchar(255), `created_at` datetime(6) NOT NULL, `updated_at` datetime(6) NOT NULL)[0m
  [1m[35m (0.3ms)[0m  [1m[34mSELECT GET_LOCK('8818113394096086360', 0)[0m
  [1m[36mActiveRecord::SchemaMigration Pluck (0.9ms)[0m  [1m[34mSELECT `schema_migrations`.`version` FROM `schema_migrations` ORDER BY `schema_migrations`.`version` ASC[0m
Migrating to CreateBookstores (20230423062349)
  [1m[35m (44.7ms)[0m  [1m[35mCREATE TABLE `bookstores` (`id` bigint NOT NULL AUTO_INCREMENT PRIMARY KEY, `name` varchar(255), `location` varchar(255), `created_at` datetime(6) NOT NULL, `updated_at` datetime(6) NOT NULL)[0m
  [1m[36mTRANSACTION (0.3ms)[0m  [1m[35mBEGIN[0m
  [1m[36mActiveRecord::SchemaMigration Create (0.9ms)[0m  [1m[32mINSERT INTO `schema_migrations` (`version`) VALUES ('20230423062349')[0m
  [1m[36mTRANSACTION (7.9ms)[0m  [1m[35mCOMMIT[0m
Migrating to CreateBooks (20230423062403)
  [1m[35m (108.3ms)[0m  [1m[35mCREATE TABLE `books` (`id` bigint NOT NULL AUTO_INCREMENT PRIMARY KEY, `title` varchar(255), `author` varchar(255), `created_at` datetime(6) NOT NULL, `updated_at` datetime(6) NOT NULL)[0m
  [1m[36mTRANSACTION (0.3ms)[0m  [1m[35mBEGIN[0m
  [1m[36mActiveRecord::SchemaMigration Create (0.5ms)[0m  [1m[32mINSERT INTO `schema_migrations` (`version`) VALUES ('20230423062403')[0m
  [1m[36mTRANSACTION (11.2ms)[0m  [1m[35mCOMMIT[0m
Migrating to CreateBookstoreBooks (20230423062408)
  [1m[35m (73.1ms)[0m  [1m[35mCREATE TABLE `bookstore_books` (`id` bigint NOT NULL AUTO_INCREMENT PRIMARY KEY, `book_id` bigint NOT NULL, `bookstore_id` bigint NOT NULL, `created_at` datetime(6) NOT NULL, `updated_at` datetime(6) NOT NULL, INDEX `index_bookstore_books_on_book_id` (`book_id`), INDEX `index_bookstore_books_on_bookstore_id` (`bookstore_id`), CONSTRAINT `fk_rails_bcba788df1`
FOREIGN KEY (`book_id`)
  REFERENCES `books` (`id`)
, CONSTRAINT `fk_rails_1e4ebbfd0f`
FOREIGN KEY (`bookstore_id`)
  REFERENCES `bookstores` (`id`)
)[0m
  [1m[36mTRANSACTION (0.3ms)[0m  [1m[35mBEGIN[0m
  [1m[36mActiveRecord::SchemaMigration Create (0.5ms)[0m  [1m[32mINSERT INTO `schema_migrations` (`version`) VALUES ('20230423062408')[0m
  [1m[36mTRANSACTION (6.5ms)[0m  [1m[35mCOMMIT[0m
  [1m[36mActiveRecord::InternalMetadata Load (1.1ms)[0m  [1m[34mSELECT `ar_internal_metadata`.* FROM `ar_internal_metadata` WHERE `ar_internal_metadata`.`key` = 'environment' LIMIT 1[0m
  [1m[36mTRANSACTION (0.3ms)[0m  [1m[35mBEGIN[0m
  [1m[36mActiveRecord::InternalMetadata Create (0.5ms)[0m  [1m[32mINSERT INTO `ar_internal_metadata` (`key`, `value`, `created_at`, `updated_at`) VALUES ('environment', 'development', '2023-04-23 06:25:27.602526', '2023-04-23 06:25:27.602526')[0m
  [1m[36mTRANSACTION (6.3ms)[0m  [1m[35mCOMMIT[0m
  [1m[35m (0.4ms)[0m  [1m[34mSELECT RELEASE_LOCK('8818113394096086360')[0m
  [1m[36mActiveRecord::SchemaMigration Pluck (0.6ms)[0m  [1m[34mSELECT `schema_migrations`.`version` FROM `schema_migrations` ORDER BY `schema_migrations`.`version` ASC[0m
